
-----------------------------------------------------------------
  pg_upgrade run on Mon Feb 17 14:01:49 2025
-----------------------------------------------------------------

You must identify the directory where the old cluster binaries reside.
Please use the -b command-line option or the PGBINOLD environment variable.

-----------------------------------------------------------------
  pg_upgrade run on Mon Feb 17 14:02:34 2025
-----------------------------------------------------------------

You must identify the directory where the old cluster data resides.
Please use the -d command-line option or the PGDATAOLD environment variable.

-----------------------------------------------------------------
  pg_upgrade run on Mon Feb 17 14:02:36 2025
-----------------------------------------------------------------

You must identify the directory where the old cluster data resides.
Please use the -d command-line option or the PGDATAOLD environment variable.

-----------------------------------------------------------------
  pg_upgrade run on Mon Feb 17 14:02:53 2025
-----------------------------------------------------------------

You must identify the directory where the old cluster data resides.
Please use the -d command-line option or the PGDATAOLD environment variable.
